I've completed iteration 1 of cartographer exploration. Here's the status:

**Explored Nodes (9):**
1. `dependency-cruiser/src/report/index.mjs` - Core reporter registry factory
2. `plugins.mjs` - Plugin validation and loading
3. `json.mjs` - JSON reporter (leaf)
4. `text.mjs` - Text formatter reporter (leaf)
5. `error.mjs` - Error/violation reporter with complex formatting
6. `utl/index.mjs` - Report formatting utilities
7. `html/index.mjs` - HTML incidence matrix reporter
8. `utl/dependency-to-incidence-transformer.mjs` - Matrix data transformation (leaf)
9. `html/html-template.mjs` - HTML template with styling (leaf)

**Discovered Dependencies:**
- **Boundary Packages (2)**: `src/graph-utl/rule-set.mjs`, `src/utl/wrap-and-indent.mjs`
- **External (3)**: `node:os`, `node:util`, `node:path/posix`
- **Pending Tier 1 (4)**: markdown.mjs, anon/index.mjs, dot/index.mjs, identity.mjs

**Stats:**
- Total nodes discovered: 18
- Total nodes explored: 9 (15% of 60-node budget)
- Total edges: 42
- Budget remaining: 51 nodes, 19 iterations

All exploration state has been saved to:
- `cartographer/exploration/nodes/` (9 node files)
- `cartographer/exploration/edges/` (9 edge files)  
- `cartographer/exploration/index.json` (updated with tier classifications)
- `cartographer/exploration/queue.json` (updated with pending items)
- `cartographer/exploration/stats.json` (updated counters)

<promise>CONTEXT_FULL</promise>
