Now I'll analyze each frontier function to extract outgoing edges.

**Function analysis:**

1. **auth.go:25 NewTerminalAuth()** - Returns a struct literal; no outgoing calls
2. **client.go:23 NewClient()** - Returns a struct literal; no outgoing calls  
3. **client.go:64 API()** - Returns field `c.api`; no outgoing calls
4. **client.go:68 authenticate()** - Lines 69-70:
   - `auth.NewFlow()` — external (github.com/gotd/td)
   - `c.client.Auth().IfNecessary()` — external (github.com/gotd/td)
   - Both already listed as irrelevant edges
5. **messages.go:20 ResolveChannel()** - Lines 21, 23, 27, 40:
   - `strings.TrimPrefix()` — external (stdlib)
   - `api.ContactsResolveUsername()` — external (github.com/gotd/td)
   - `fmt.Errorf()` — external (stdlib)
   - All already listed as irrelevant edges
6. **messages.go:91 extractMessages()** - Multiple lines with:
   - `fmt.Printf()` — external (stdlib)
   - `time.Unix()` — external (stdlib)
   - All already listed as irrelevant edges

**Result:** All outgoing connections from frontier functions are either to external packages (stdlib/gotd/td) or have no outgoing calls. No new internal edges exist to add to QUEUE.md.

<promise>DONE</promise>
